<?xml version="1.0" encoding="UTF-8"?>
<!-- Generated by org.testng.reporters.JUnitReportReporter -->
<testsuite hostname="DESKTOP-7JNABSE" failures="0" tests="1" name="gitPractice.Demo1" time="0.016" errors="0" timestamp="2021-11-11T12:44:07 IST" skipped="0">
  <testcase classname="gitPractice.Demo1" name="demo1" time="0.016"/>
  <system-out/>
</testsuite> <!-- gitPractice.Demo1 -->
